<?xml version="1.0" encoding="UTF-8"?>
<!-- Generated by org.testng.reporters.JUnitReportReporter -->
<testsuite hostname="PC" name="com.automationpractice.demo.regression.ValidateUser_pswd" tests="1" failures="0" timestamp="31 Mar 2019 20:25:03 GMT" time="22.392" errors="0">
  <testcase name="test1" time="22.392" classname="com.automationpractice.demo.regression.ValidateUser_pswd"/>
</testsuite> <!-- com.automationpractice.demo.regression.ValidateUser_pswd -->
