<?xml version="1.0" encoding="UTF-8"?>
<!-- Generated by org.testng.reporters.JUnitReportReporter -->
<testsuite hostname="PC" name="com.automationpractice.demo.regression2.ValidateUser_Creation" tests="1" failures="0" timestamp="31 Mar 2019 21:01:32 GMT" time="39.056" errors="0">
  <testcase name="test1" time="39.056" classname="com.automationpractice.demo.regression2.ValidateUser_Creation"/>
</testsuite> <!-- com.automationpractice.demo.regression2.ValidateUser_Creation -->
