<?xml version="1.0" encoding="UTF-8"?>
<!-- Generated by org.testng.reporters.JUnitReportReporter -->
<testsuite hostname="PC" name="com.automationpractice.demo.regression.ValidateUser_AddFname" tests="1" failures="0" timestamp="31 Mar 2019 20:35:56 GMT" time="21.694" errors="0">
  <testcase name="test1" time="21.694" classname="com.automationpractice.demo.regression.ValidateUser_AddFname"/>
</testsuite> <!-- com.automationpractice.demo.regression.ValidateUser_AddFname -->
