<?xml version="1.0" encoding="UTF-8"?>
<!-- Generated by org.testng.reporters.JUnitReportReporter -->
<testsuite hostname="PC" name="com.automationpractice.demo.regression.ValidateUser_AddLname" tests="1" failures="0" timestamp="31 Mar 2019 20:39:41 GMT" time="20.273" errors="0">
  <testcase name="test1" time="20.273" classname="com.automationpractice.demo.regression.ValidateUser_AddLname"/>
</testsuite> <!-- com.automationpractice.demo.regression.ValidateUser_AddLname -->
