<?xml version="1.0" encoding="UTF-8"?>
<!-- Generated by org.testng.reporters.JUnitReportReporter -->
<testsuite hostname="PC" name="com.automationpractice.demo.regression.MyTest" tests="1" failures="0" timestamp="30 Mar 2019 23:55:04 GMT" time="32.941" errors="0">
  <testcase name="test1" time="32.941" classname="com.automationpractice.demo.regression.MyTest"/>
</testsuite> <!-- com.automationpractice.demo.regression.MyTest -->
